0 info it worked if it ends with ok
1 verbose cli [ 'D:\\Program Files\\nodejs\\node.exe',
1 verbose cli   'C:\\Users\\Administrator\\AppData\\Roaming\\npm\\node_modules\\npm\\bin\\npm-cli.js',
1 verbose cli   'run',
1 verbose cli   'build' ]
2 info using npm@3.8.6
3 info using node@v10.16.0
4 verbose run-script [ 'prebuild', 'build', 'postbuild' ]
5 info lifecycle lesson@1.0.0~prebuild: lesson@1.0.0
6 silly lifecycle lesson@1.0.0~prebuild: no script for prebuild, continuing
7 info lifecycle lesson@1.0.0~build: lesson@1.0.0
8 verbose lifecycle lesson@1.0.0~build: unsafe-perm in lifecycle true
9 verbose lifecycle lesson@1.0.0~build: PATH: C:\Users\Administrator\AppData\Roaming\npm\node_modules\npm\bin\node-gyp-bin;E:\个人git项目\demo\webpack-demo\node_modules\.bin;D:\Program Files\nodejs;D:\Program Files\Git\mingw64\bin;D:\Program Files\Git\usr\bin;C:\Users\Administrator\bin;C:\WINDOWS\system32;C:\WINDOWS;C:\WINDOWS\System32\Wbem;C:\WINDOWS\System32\WindowsPowerShell\v1.0;D:\Program Files\nodejs;C:\Program Files\TortoiseSVN\bin;C:\WINDOWS\System32\OpenSSH;C:\Program Files\TortoiseGit\bin;C:\Users\Administrator\AppData\Local\Microsoft\WindowsApps;D:\Users\Administrator\AppData\Local\Programs\Microsoft VS Code\bin;C:\Users\Administrator\AppData\Roaming\npm;D:\Users\Administrator\AppData\Local\Programs\Fiddler;C:\Users\Administrator\AppData\Local\Microsoft\WindowsApps;C:\Users\Administrator\AppData\Local\BypassRuntm;D:\Microsoft VS Code\bin
10 verbose lifecycle lesson@1.0.0~build: CWD: E:\个人git项目\demo\webpack-demo
11 silly lifecycle lesson@1.0.0~build: Args: [ '/d /s /c', 'webpack --config ./build/webpack.prod.js' ]
12 silly lifecycle lesson@1.0.0~build: Returned: code: 1  signal: null
13 info lifecycle lesson@1.0.0~build: Failed to exec build script
14 verbose stack Error: lesson@1.0.0 build: `webpack --config ./build/webpack.prod.js`
14 verbose stack Exit status 1
14 verbose stack     at EventEmitter.<anonymous> (C:\Users\Administrator\AppData\Roaming\npm\node_modules\npm\lib\utils\lifecycle.js:239:16)
14 verbose stack     at EventEmitter.emit (events.js:198:13)
14 verbose stack     at ChildProcess.<anonymous> (C:\Users\Administrator\AppData\Roaming\npm\node_modules\npm\lib\utils\spawn.js:24:14)
14 verbose stack     at ChildProcess.emit (events.js:198:13)
14 verbose stack     at maybeClose (internal/child_process.js:982:16)
14 verbose stack     at Process.ChildProcess._handle.onexit (internal/child_process.js:259:5)
15 verbose pkgid lesson@1.0.0
16 verbose cwd E:\个人git项目\demo\webpack-demo
17 error Windows_NT 10.0.19042
18 error argv "D:\\Program Files\\nodejs\\node.exe" "C:\\Users\\Administrator\\AppData\\Roaming\\npm\\node_modules\\npm\\bin\\npm-cli.js" "run" "build"
19 error node v10.16.0
20 error npm  v3.8.6
21 error code ELIFECYCLE
22 error lesson@1.0.0 build: `webpack --config ./build/webpack.prod.js`
22 error Exit status 1
23 error Failed at the lesson@1.0.0 build script 'webpack --config ./build/webpack.prod.js'.
23 error Make sure you have the latest version of node.js and npm installed.
23 error If you do, this is most likely a problem with the lesson package,
23 error not with npm itself.
23 error Tell the author that this fails on your system:
23 error     webpack --config ./build/webpack.prod.js
23 error You can get information on how to open an issue for this project with:
23 error     npm bugs lesson
23 error Or if that isn't available, you can get their info via:
23 error     npm owner ls lesson
23 error There is likely additional logging output above.
24 verbose exit [ 1, true ]
